<?xml version="1.0" encoding="UTF-8"?>
<!-- Generated by org.testng.reporters.JUnitReportReporter -->
<testsuite hostname="SteveAraya.local" failures="0" tests="1" name="Tests.Task_1" time="14.572" errors="0" timestamp="2022-10-17T23:52:36 CST" skipped="0">
  <testcase classname="Tests.Task_1" name="changeCountrySelection" time="14.572"/>
  <system-out/>
</testsuite> <!-- Tests.Task_1 -->
